INFO:apscheduler.scheduler:Adding job tentatively -- it will be properly scheduled when the scheduler starts
INFO:apscheduler.scheduler:Added job "env_modbus2mongodb" to job store "default"
INFO:apscheduler.scheduler:Scheduler started
INFO:root:Start Time: 2020-11-10 18:16:29.896288
INFO:apscheduler.executors.default:Running job "env_modbus2mongodb (trigger: interval[0:05:00], next run at: 2020-11-10 18:21:29 CST)" (scheduled at 2020-11-10 18:21:29.895294+08:00)
INFO:apscheduler.executors.default:Job "env_modbus2mongodb (trigger: interval[0:05:00], next run at: 2020-11-10 18:26:29 CST)" executed successfully
INFO:apscheduler.executors.default:Running job "env_modbus2mongodb (trigger: interval[0:05:00], next run at: 2020-11-10 18:31:29 CST)" (scheduled at 2020-11-10 18:26:29.895294+08:00)
INFO:apscheduler.executors.default:Job "env_modbus2mongodb (trigger: interval[0:05:00], next run at: 2020-11-10 18:31:29 CST)" executed successfully
INFO:apscheduler.executors.default:Running job "env_modbus2mongodb (trigger: interval[0:05:00], next run at: 2020-11-10 18:36:29 CST)" (scheduled at 2020-11-10 18:31:29.895294+08:00)
INFO:apscheduler.executors.default:Job "env_modbus2mongodb (trigger: interval[0:05:00], next run at: 2020-11-10 18:36:29 CST)" executed successfully
INFO:apscheduler.executors.default:Running job "env_modbus2mongodb (trigger: interval[0:05:00], next run at: 2020-11-10 18:41:29 CST)" (scheduled at 2020-11-10 18:36:29.895294+08:00)
INFO:apscheduler.executors.default:Job "env_modbus2mongodb (trigger: interval[0:05:00], next run at: 2020-11-10 18:41:29 CST)" executed successfully
INFO:apscheduler.executors.default:Running job "env_modbus2mongodb (trigger: interval[0:05:00], next run at: 2020-11-10 18:46:29 CST)" (scheduled at 2020-11-10 18:41:29.895294+08:00)
INFO:apscheduler.executors.default:Job "env_modbus2mongodb (trigger: interval[0:05:00], next run at: 2020-11-10 18:46:29 CST)" executed successfully
INFO:apscheduler.executors.default:Running job "env_modbus2mongodb (trigger: interval[0:05:00], next run at: 2020-11-10 18:51:29 CST)" (scheduled at 2020-11-10 18:46:29.895294+08:00)
INFO:apscheduler.executors.default:Job "env_modbus2mongodb (trigger: interval[0:05:00], next run at: 2020-11-10 18:51:29 CST)" executed successfully
INFO:apscheduler.executors.default:Running job "env_modbus2mongodb (trigger: interval[0:05:00], next run at: 2020-11-10 18:56:29 CST)" (scheduled at 2020-11-10 18:51:29.895294+08:00)
INFO:apscheduler.executors.default:Job "env_modbus2mongodb (trigger: interval[0:05:00], next run at: 2020-11-10 18:56:29 CST)" executed successfully
WARNING:apscheduler.executors.default:Run time of job "env_modbus2mongodb (trigger: interval[0:05:00], next run at: 2020-11-10 19:36:29 CST)" was missed by 0:02:16.289559
INFO:apscheduler.executors.default:Running job "env_modbus2mongodb (trigger: interval[0:05:00], next run at: 2020-11-10 19:41:29 CST)" (scheduled at 2020-11-10 19:36:29.895294+08:00)
INFO:apscheduler.executors.default:Job "env_modbus2mongodb (trigger: interval[0:05:00], next run at: 2020-11-10 19:41:29 CST)" executed successfully
INFO:apscheduler.scheduler:Adding job tentatively -- it will be properly scheduled when the scheduler starts
INFO:apscheduler.scheduler:Added job "env_modbus2mongodb" to job store "default"
INFO:apscheduler.scheduler:Scheduler started
INFO:root:Start Time: 2020-11-10 19:45:15.086896
INFO:apscheduler.executors.default:Running job "env_modbus2mongodb (trigger: interval[0:05:00], next run at: 2020-11-10 19:50:15 CST)" (scheduled at 2020-11-10 19:50:15.084940+08:00)
INFO:apscheduler.executors.default:Job "env_modbus2mongodb (trigger: interval[0:05:00], next run at: 2020-11-10 19:55:15 CST)" executed successfully
INFO:apscheduler.executors.default:Running job "env_modbus2mongodb (trigger: interval[0:05:00], next run at: 2020-11-10 20:00:15 CST)" (scheduled at 2020-11-10 19:55:15.084940+08:00)
INFO:apscheduler.executors.default:Job "env_modbus2mongodb (trigger: interval[0:05:00], next run at: 2020-11-10 20:00:15 CST)" executed successfully
INFO:apscheduler.scheduler:Adding job tentatively -- it will be properly scheduled when the scheduler starts
INFO:apscheduler.scheduler:Added job "env_modbus2mongodb" to job store "default"
INFO:apscheduler.scheduler:Scheduler started
INFO:root:Start Time: 2020-11-10 19:57:11.688762
INFO:apscheduler.scheduler:Adding job tentatively -- it will be properly scheduled when the scheduler starts
INFO:apscheduler.scheduler:Added job "env_modbus2mongodb" to job store "default"
INFO:apscheduler.scheduler:Scheduler started
INFO:root:Start Time: 2020-11-10 20:04:35.471193
INFO:apscheduler.executors.default:Running job "env_modbus2mongodb (trigger: interval[0:05:00], next run at: 2020-11-10 20:09:35 CST)" (scheduled at 2020-11-10 20:09:35.469200+08:00)
INFO:apscheduler.executors.default:Job "env_modbus2mongodb (trigger: interval[0:05:00], next run at: 2020-11-10 20:14:35 CST)" executed successfully
INFO:apscheduler.executors.default:Running job "env_modbus2mongodb (trigger: interval[0:05:00], next run at: 2020-11-10 20:19:35 CST)" (scheduled at 2020-11-10 20:14:35.469200+08:00)
INFO:apscheduler.scheduler:Adding job tentatively -- it will be properly scheduled when the scheduler starts
INFO:apscheduler.scheduler:Added job "env_modbus2mongodb" to job store "default"
INFO:apscheduler.scheduler:Scheduler started
INFO:root:Start Time: 2020-11-10 20:16:11.194312
INFO:apscheduler.executors.default:Running job "env_modbus2mongodb (trigger: interval[0:05:00], next run at: 2020-11-10 20:21:11 CST)" (scheduled at 2020-11-10 20:21:11.192307+08:00)
INFO:apscheduler.executors.default:Job "env_modbus2mongodb (trigger: interval[0:05:00], next run at: 2020-11-10 20:26:11 CST)" executed successfully
INFO:apscheduler.scheduler:Adding job tentatively -- it will be properly scheduled when the scheduler starts
INFO:apscheduler.scheduler:Added job "env_modbus2mongodb" to job store "default"
INFO:apscheduler.scheduler:Scheduler started
INFO:root:Start Time: 2020-11-10 20:23:35.332853
INFO:apscheduler.executors.default:Running job "env_modbus2mongodb (trigger: interval[0:05:00], next run at: 2020-11-10 20:28:35 CST)" (scheduled at 2020-11-10 20:28:35.331855+08:00)
INFO:root:Time Consuming: 57.354671001434326
INFO:apscheduler.executors.default:Job "env_modbus2mongodb (trigger: interval[0:05:00], next run at: 2020-11-10 20:33:35 CST)" executed successfully
INFO:apscheduler.executors.default:Running job "env_modbus2mongodb (trigger: interval[0:05:00], next run at: 2020-11-10 20:38:35 CST)" (scheduled at 2020-11-10 20:33:35.331855+08:00)
INFO:root:Time Consuming: 59.22249150276184
INFO:apscheduler.executors.default:Job "env_modbus2mongodb (trigger: interval[0:05:00], next run at: 2020-11-10 20:38:35 CST)" executed successfully
INFO:apscheduler.executors.default:Running job "env_modbus2mongodb (trigger: interval[0:05:00], next run at: 2020-11-10 20:43:35 CST)" (scheduled at 2020-11-10 20:38:35.331855+08:00)
INFO:root:Time Consuming: 56.78793001174927
INFO:apscheduler.executors.default:Job "env_modbus2mongodb (trigger: interval[0:05:00], next run at: 2020-11-10 20:43:35 CST)" executed successfully
INFO:apscheduler.scheduler:Adding job tentatively -- it will be properly scheduled when the scheduler starts
INFO:apscheduler.scheduler:Added job "env_modbus2mongodb" to job store "default"
INFO:apscheduler.scheduler:Scheduler started
INFO:root:Start Time: 2020-11-10 20:40:05.772067
INFO:apscheduler.executors.default:Running job "env_modbus2mongodb (trigger: interval[0:05:00], next run at: 2020-11-10 20:45:05 CST)" (scheduled at 2020-11-10 20:45:05.771070+08:00)
INFO:root:Time Consuming: 56.63323426246643
INFO:apscheduler.executors.default:Job "env_modbus2mongodb (trigger: interval[0:05:00], next run at: 2020-11-10 20:50:05 CST)" executed successfully
INFO:apscheduler.executors.default:Running job "env_modbus2mongodb (trigger: interval[0:05:00], next run at: 2020-11-10 20:55:05 CST)" (scheduled at 2020-11-10 20:50:05.771070+08:00)
INFO:root:Time Consuming: 56.8540518283844
INFO:apscheduler.executors.default:Job "env_modbus2mongodb (trigger: interval[0:05:00], next run at: 2020-11-10 20:55:05 CST)" executed successfully
INFO:apscheduler.executors.default:Running job "env_modbus2mongodb (trigger: interval[0:05:00], next run at: 2020-11-10 21:00:05 CST)" (scheduled at 2020-11-10 20:55:05.771070+08:00)
INFO:root:Time Consuming: 56.84641408920288
INFO:apscheduler.executors.default:Job "env_modbus2mongodb (trigger: interval[0:05:00], next run at: 2020-11-10 21:00:05 CST)" executed successfully
INFO:apscheduler.executors.default:Running job "env_modbus2mongodb (trigger: interval[0:05:00], next run at: 2020-11-10 21:05:05 CST)" (scheduled at 2020-11-10 21:00:05.771070+08:00)
INFO:root:Time Consuming: 57.020790338516235
INFO:apscheduler.executors.default:Job "env_modbus2mongodb (trigger: interval[0:05:00], next run at: 2020-11-10 21:05:05 CST)" executed successfully
INFO:apscheduler.executors.default:Running job "env_modbus2mongodb (trigger: interval[0:05:00], next run at: 2020-11-10 21:10:05 CST)" (scheduled at 2020-11-10 21:05:05.771070+08:00)
INFO:root:Time Consuming: 57.165271043777466
INFO:apscheduler.executors.default:Job "env_modbus2mongodb (trigger: interval[0:05:00], next run at: 2020-11-10 21:10:05 CST)" executed successfully
INFO:apscheduler.executors.default:Running job "env_modbus2mongodb (trigger: interval[0:05:00], next run at: 2020-11-10 21:15:05 CST)" (scheduled at 2020-11-10 21:10:05.771070+08:00)
INFO:root:Time Consuming: 57.04209494590759
INFO:apscheduler.executors.default:Job "env_modbus2mongodb (trigger: interval[0:05:00], next run at: 2020-11-10 21:15:05 CST)" executed successfully
INFO:apscheduler.executors.default:Running job "env_modbus2mongodb (trigger: interval[0:05:00], next run at: 2020-11-10 21:20:05 CST)" (scheduled at 2020-11-10 21:15:05.771070+08:00)
INFO:root:Time Consuming: 56.954596757888794
INFO:apscheduler.executors.default:Job "env_modbus2mongodb (trigger: interval[0:05:00], next run at: 2020-11-10 21:20:05 CST)" executed successfully
INFO:apscheduler.executors.default:Running job "env_modbus2mongodb (trigger: interval[0:05:00], next run at: 2020-11-10 21:25:05 CST)" (scheduled at 2020-11-10 21:20:05.771070+08:00)
INFO:root:Time Consuming: 57.0447998046875
INFO:apscheduler.executors.default:Job "env_modbus2mongodb (trigger: interval[0:05:00], next run at: 2020-11-10 21:25:05 CST)" executed successfully
INFO:apscheduler.executors.default:Running job "env_modbus2mongodb (trigger: interval[0:05:00], next run at: 2020-11-10 21:30:05 CST)" (scheduled at 2020-11-10 21:25:05.771070+08:00)
INFO:root:Time Consuming: 57.10421824455261
INFO:apscheduler.executors.default:Job "env_modbus2mongodb (trigger: interval[0:05:00], next run at: 2020-11-10 21:30:05 CST)" executed successfully
INFO:apscheduler.executors.default:Running job "env_modbus2mongodb (trigger: interval[0:05:00], next run at: 2020-11-10 21:35:05 CST)" (scheduled at 2020-11-10 21:30:05.771070+08:00)
INFO:root:Time Consuming: 57.15232968330383
INFO:apscheduler.executors.default:Job "env_modbus2mongodb (trigger: interval[0:05:00], next run at: 2020-11-10 21:35:05 CST)" executed successfully
INFO:apscheduler.executors.default:Running job "env_modbus2mongodb (trigger: interval[0:05:00], next run at: 2020-11-10 21:40:05 CST)" (scheduled at 2020-11-10 21:35:05.771070+08:00)
INFO:root:Time Consuming: 57.072487115859985
INFO:apscheduler.executors.default:Job "env_modbus2mongodb (trigger: interval[0:05:00], next run at: 2020-11-10 21:40:05 CST)" executed successfully
INFO:apscheduler.executors.default:Running job "env_modbus2mongodb (trigger: interval[0:05:00], next run at: 2020-11-10 21:45:05 CST)" (scheduled at 2020-11-10 21:40:05.771070+08:00)
INFO:root:Time Consuming: 57.1130485534668
INFO:apscheduler.executors.default:Job "env_modbus2mongodb (trigger: interval[0:05:00], next run at: 2020-11-10 21:45:05 CST)" executed successfully
INFO:apscheduler.executors.default:Running job "env_modbus2mongodb (trigger: interval[0:05:00], next run at: 2020-11-10 21:50:05 CST)" (scheduled at 2020-11-10 21:45:05.771070+08:00)
INFO:root:Time Consuming: 57.15658712387085
INFO:apscheduler.executors.default:Job "env_modbus2mongodb (trigger: interval[0:05:00], next run at: 2020-11-10 21:50:05 CST)" executed successfully
INFO:apscheduler.executors.default:Running job "env_modbus2mongodb (trigger: interval[0:05:00], next run at: 2020-11-10 21:55:05 CST)" (scheduled at 2020-11-10 21:50:05.771070+08:00)
INFO:root:Time Consuming: 56.688767194747925
INFO:apscheduler.executors.default:Job "env_modbus2mongodb (trigger: interval[0:05:00], next run at: 2020-11-10 21:55:05 CST)" executed successfully
INFO:apscheduler.executors.default:Running job "env_modbus2mongodb (trigger: interval[0:05:00], next run at: 2020-11-10 22:00:05 CST)" (scheduled at 2020-11-10 21:55:05.771070+08:00)
INFO:root:Time Consuming: 56.97348594665527
INFO:apscheduler.executors.default:Job "env_modbus2mongodb (trigger: interval[0:05:00], next run at: 2020-11-10 22:00:05 CST)" executed successfully
INFO:apscheduler.executors.default:Running job "env_modbus2mongodb (trigger: interval[0:05:00], next run at: 2020-11-10 22:05:05 CST)" (scheduled at 2020-11-10 22:00:05.771070+08:00)
INFO:root:Time Consuming: 56.96321511268616
INFO:apscheduler.executors.default:Job "env_modbus2mongodb (trigger: interval[0:05:00], next run at: 2020-11-10 22:05:05 CST)" executed successfully
INFO:apscheduler.executors.default:Running job "env_modbus2mongodb (trigger: interval[0:05:00], next run at: 2020-11-10 22:10:05 CST)" (scheduled at 2020-11-10 22:05:05.771070+08:00)
INFO:root:Time Consuming: 56.94448208808899
INFO:apscheduler.executors.default:Job "env_modbus2mongodb (trigger: interval[0:05:00], next run at: 2020-11-10 22:10:05 CST)" executed successfully
INFO:apscheduler.executors.default:Running job "env_modbus2mongodb (trigger: interval[0:05:00], next run at: 2020-11-10 22:15:05 CST)" (scheduled at 2020-11-10 22:10:05.771070+08:00)
INFO:root:Time Consuming: 56.976462841033936
INFO:apscheduler.executors.default:Job "env_modbus2mongodb (trigger: interval[0:05:00], next run at: 2020-11-10 22:15:05 CST)" executed successfully
INFO:apscheduler.executors.default:Running job "env_modbus2mongodb (trigger: interval[0:05:00], next run at: 2020-11-10 22:20:05 CST)" (scheduled at 2020-11-10 22:15:05.771070+08:00)
INFO:root:Time Consuming: 56.99948763847351
INFO:apscheduler.executors.default:Job "env_modbus2mongodb (trigger: interval[0:05:00], next run at: 2020-11-10 22:20:05 CST)" executed successfully
INFO:apscheduler.executors.default:Running job "env_modbus2mongodb (trigger: interval[0:05:00], next run at: 2020-11-10 22:25:05 CST)" (scheduled at 2020-11-10 22:20:05.771070+08:00)
INFO:root:Time Consuming: 56.842217683792114
INFO:apscheduler.executors.default:Job "env_modbus2mongodb (trigger: interval[0:05:00], next run at: 2020-11-10 22:25:05 CST)" executed successfully
INFO:apscheduler.executors.default:Running job "env_modbus2mongodb (trigger: interval[0:05:00], next run at: 2020-11-10 22:30:05 CST)" (scheduled at 2020-11-10 22:25:05.771070+08:00)
INFO:root:Time Consuming: 56.939624547958374
INFO:apscheduler.executors.default:Job "env_modbus2mongodb (trigger: interval[0:05:00], next run at: 2020-11-10 22:30:05 CST)" executed successfully
INFO:apscheduler.executors.default:Running job "env_modbus2mongodb (trigger: interval[0:05:00], next run at: 2020-11-10 22:35:05 CST)" (scheduled at 2020-11-10 22:30:05.771070+08:00)
INFO:root:Time Consuming: 56.99169611930847
INFO:apscheduler.executors.default:Job "env_modbus2mongodb (trigger: interval[0:05:00], next run at: 2020-11-10 22:35:05 CST)" executed successfully
INFO:apscheduler.executors.default:Running job "env_modbus2mongodb (trigger: interval[0:05:00], next run at: 2020-11-10 22:40:05 CST)" (scheduled at 2020-11-10 22:35:05.771070+08:00)
INFO:root:Time Consuming: 56.96811509132385
INFO:apscheduler.executors.default:Job "env_modbus2mongodb (trigger: interval[0:05:00], next run at: 2020-11-10 22:40:05 CST)" executed successfully
INFO:apscheduler.executors.default:Running job "env_modbus2mongodb (trigger: interval[0:05:00], next run at: 2020-11-10 22:45:05 CST)" (scheduled at 2020-11-10 22:40:05.771070+08:00)
INFO:root:Time Consuming: 56.91240096092224
INFO:apscheduler.executors.default:Job "env_modbus2mongodb (trigger: interval[0:05:00], next run at: 2020-11-10 22:45:05 CST)" executed successfully
INFO:apscheduler.executors.default:Running job "env_modbus2mongodb (trigger: interval[0:05:00], next run at: 2020-11-10 22:50:05 CST)" (scheduled at 2020-11-10 22:45:05.771070+08:00)
INFO:root:Time Consuming: 56.96216344833374
INFO:apscheduler.executors.default:Job "env_modbus2mongodb (trigger: interval[0:05:00], next run at: 2020-11-10 22:50:05 CST)" executed successfully
INFO:apscheduler.executors.default:Running job "env_modbus2mongodb (trigger: interval[0:05:00], next run at: 2020-11-10 22:55:05 CST)" (scheduled at 2020-11-10 22:50:05.771070+08:00)
INFO:root:Time Consuming: 56.75551986694336
INFO:apscheduler.executors.default:Job "env_modbus2mongodb (trigger: interval[0:05:00], next run at: 2020-11-10 22:55:05 CST)" executed successfully
INFO:apscheduler.executors.default:Running job "env_modbus2mongodb (trigger: interval[0:05:00], next run at: 2020-11-10 23:00:05 CST)" (scheduled at 2020-11-10 22:55:05.771070+08:00)
INFO:root:Time Consuming: 56.87635159492493
INFO:apscheduler.executors.default:Job "env_modbus2mongodb (trigger: interval[0:05:00], next run at: 2020-11-10 23:00:05 CST)" executed successfully
INFO:apscheduler.executors.default:Running job "env_modbus2mongodb (trigger: interval[0:05:00], next run at: 2020-11-10 23:05:05 CST)" (scheduled at 2020-11-10 23:00:05.771070+08:00)
INFO:root:Time Consuming: 56.878440141677856
INFO:apscheduler.executors.default:Job "env_modbus2mongodb (trigger: interval[0:05:00], next run at: 2020-11-10 23:05:05 CST)" executed successfully
INFO:apscheduler.executors.default:Running job "env_modbus2mongodb (trigger: interval[0:05:00], next run at: 2020-11-10 23:10:05 CST)" (scheduled at 2020-11-10 23:05:05.771070+08:00)
INFO:root:Time Consuming: 56.85556960105896
INFO:apscheduler.executors.default:Job "env_modbus2mongodb (trigger: interval[0:05:00], next run at: 2020-11-10 23:10:05 CST)" executed successfully
INFO:apscheduler.executors.default:Running job "env_modbus2mongodb (trigger: interval[0:05:00], next run at: 2020-11-10 23:15:05 CST)" (scheduled at 2020-11-10 23:10:05.771070+08:00)
INFO:root:Time Consuming: 56.74024987220764
INFO:apscheduler.executors.default:Job "env_modbus2mongodb (trigger: interval[0:05:00], next run at: 2020-11-10 23:15:05 CST)" executed successfully
INFO:apscheduler.executors.default:Running job "env_modbus2mongodb (trigger: interval[0:05:00], next run at: 2020-11-10 23:20:05 CST)" (scheduled at 2020-11-10 23:15:05.771070+08:00)
INFO:root:Time Consuming: 57.02034115791321
INFO:apscheduler.executors.default:Job "env_modbus2mongodb (trigger: interval[0:05:00], next run at: 2020-11-10 23:20:05 CST)" executed successfully
INFO:apscheduler.executors.default:Running job "env_modbus2mongodb (trigger: interval[0:05:00], next run at: 2020-11-10 23:25:05 CST)" (scheduled at 2020-11-10 23:20:05.771070+08:00)
INFO:root:Time Consuming: 56.90343260765076
INFO:apscheduler.executors.default:Job "env_modbus2mongodb (trigger: interval[0:05:00], next run at: 2020-11-10 23:25:05 CST)" executed successfully
INFO:apscheduler.executors.default:Running job "env_modbus2mongodb (trigger: interval[0:05:00], next run at: 2020-11-10 23:30:05 CST)" (scheduled at 2020-11-10 23:25:05.771070+08:00)
INFO:root:Time Consuming: 56.97294068336487
INFO:apscheduler.executors.default:Job "env_modbus2mongodb (trigger: interval[0:05:00], next run at: 2020-11-10 23:30:05 CST)" executed successfully
INFO:apscheduler.executors.default:Running job "env_modbus2mongodb (trigger: interval[0:05:00], next run at: 2020-11-10 23:35:05 CST)" (scheduled at 2020-11-10 23:30:05.771070+08:00)
INFO:root:Time Consuming: 56.99223470687866
INFO:apscheduler.executors.default:Job "env_modbus2mongodb (trigger: interval[0:05:00], next run at: 2020-11-10 23:35:05 CST)" executed successfully
INFO:apscheduler.executors.default:Running job "env_modbus2mongodb (trigger: interval[0:05:00], next run at: 2020-11-10 23:40:05 CST)" (scheduled at 2020-11-10 23:35:05.771070+08:00)
INFO:root:Time Consuming: 56.96133470535278
INFO:apscheduler.executors.default:Job "env_modbus2mongodb (trigger: interval[0:05:00], next run at: 2020-11-10 23:40:05 CST)" executed successfully
INFO:apscheduler.executors.default:Running job "env_modbus2mongodb (trigger: interval[0:05:00], next run at: 2020-11-10 23:45:05 CST)" (scheduled at 2020-11-10 23:40:05.771070+08:00)
INFO:root:Time Consuming: 57.04823684692383
INFO:apscheduler.executors.default:Job "env_modbus2mongodb (trigger: interval[0:05:00], next run at: 2020-11-10 23:45:05 CST)" executed successfully
INFO:apscheduler.executors.default:Running job "env_modbus2mongodb (trigger: interval[0:05:00], next run at: 2020-11-10 23:50:05 CST)" (scheduled at 2020-11-10 23:45:05.771070+08:00)
INFO:root:Time Consuming: 56.96929979324341
INFO:apscheduler.executors.default:Job "env_modbus2mongodb (trigger: interval[0:05:00], next run at: 2020-11-10 23:50:05 CST)" executed successfully
INFO:apscheduler.executors.default:Running job "env_modbus2mongodb (trigger: interval[0:05:00], next run at: 2020-11-10 23:55:05 CST)" (scheduled at 2020-11-10 23:50:05.771070+08:00)
INFO:root:Time Consuming: 57.064542293548584
INFO:apscheduler.executors.default:Job "env_modbus2mongodb (trigger: interval[0:05:00], next run at: 2020-11-10 23:55:05 CST)" executed successfully
INFO:apscheduler.executors.default:Running job "env_modbus2mongodb (trigger: interval[0:05:00], next run at: 2020-11-11 00:00:05 CST)" (scheduled at 2020-11-10 23:55:05.771070+08:00)
INFO:root:Time Consuming: 56.940144062042236
INFO:apscheduler.executors.default:Job "env_modbus2mongodb (trigger: interval[0:05:00], next run at: 2020-11-11 00:00:05 CST)" executed successfully
INFO:apscheduler.executors.default:Running job "env_modbus2mongodb (trigger: interval[0:05:00], next run at: 2020-11-11 00:05:05 CST)" (scheduled at 2020-11-11 00:00:05.771070+08:00)
INFO:root:Time Consuming: 56.88760995864868
INFO:apscheduler.executors.default:Job "env_modbus2mongodb (trigger: interval[0:05:00], next run at: 2020-11-11 00:05:05 CST)" executed successfully
INFO:apscheduler.executors.default:Running job "env_modbus2mongodb (trigger: interval[0:05:00], next run at: 2020-11-11 00:10:05 CST)" (scheduled at 2020-11-11 00:05:05.771070+08:00)
INFO:root:Time Consuming: 57.06504011154175
INFO:apscheduler.executors.default:Job "env_modbus2mongodb (trigger: interval[0:05:00], next run at: 2020-11-11 00:10:05 CST)" executed successfully
INFO:apscheduler.executors.default:Running job "env_modbus2mongodb (trigger: interval[0:05:00], next run at: 2020-11-11 00:15:05 CST)" (scheduled at 2020-11-11 00:10:05.771070+08:00)
INFO:root:Time Consuming: 56.93217635154724
INFO:apscheduler.executors.default:Job "env_modbus2mongodb (trigger: interval[0:05:00], next run at: 2020-11-11 00:15:05 CST)" executed successfully
INFO:apscheduler.executors.default:Running job "env_modbus2mongodb (trigger: interval[0:05:00], next run at: 2020-11-11 00:20:05 CST)" (scheduled at 2020-11-11 00:15:05.771070+08:00)
INFO:root:Time Consuming: 56.93062710762024
INFO:apscheduler.executors.default:Job "env_modbus2mongodb (trigger: interval[0:05:00], next run at: 2020-11-11 00:20:05 CST)" executed successfully
INFO:apscheduler.executors.default:Running job "env_modbus2mongodb (trigger: interval[0:05:00], next run at: 2020-11-11 00:25:05 CST)" (scheduled at 2020-11-11 00:20:05.771070+08:00)
INFO:root:Time Consuming: 56.790955543518066
INFO:apscheduler.executors.default:Job "env_modbus2mongodb (trigger: interval[0:05:00], next run at: 2020-11-11 00:25:05 CST)" executed successfully
INFO:apscheduler.executors.default:Running job "env_modbus2mongodb (trigger: interval[0:05:00], next run at: 2020-11-11 00:30:05 CST)" (scheduled at 2020-11-11 00:25:05.771070+08:00)
INFO:root:Time Consuming: 56.79841613769531
INFO:apscheduler.executors.default:Job "env_modbus2mongodb (trigger: interval[0:05:00], next run at: 2020-11-11 00:30:05 CST)" executed successfully
INFO:apscheduler.executors.default:Running job "env_modbus2mongodb (trigger: interval[0:05:00], next run at: 2020-11-11 00:35:05 CST)" (scheduled at 2020-11-11 00:30:05.771070+08:00)
INFO:root:Time Consuming: 56.86716437339783
INFO:apscheduler.executors.default:Job "env_modbus2mongodb (trigger: interval[0:05:00], next run at: 2020-11-11 00:35:05 CST)" executed successfully
INFO:apscheduler.executors.default:Running job "env_modbus2mongodb (trigger: interval[0:05:00], next run at: 2020-11-11 00:40:05 CST)" (scheduled at 2020-11-11 00:35:05.771070+08:00)
INFO:root:Time Consuming: 56.846099853515625
INFO:apscheduler.executors.default:Job "env_modbus2mongodb (trigger: interval[0:05:00], next run at: 2020-11-11 00:40:05 CST)" executed successfully
INFO:apscheduler.executors.default:Running job "env_modbus2mongodb (trigger: interval[0:05:00], next run at: 2020-11-11 00:45:05 CST)" (scheduled at 2020-11-11 00:40:05.771070+08:00)
INFO:root:Time Consuming: 56.81966423988342
INFO:apscheduler.executors.default:Job "env_modbus2mongodb (trigger: interval[0:05:00], next run at: 2020-11-11 00:45:05 CST)" executed successfully
INFO:apscheduler.executors.default:Running job "env_modbus2mongodb (trigger: interval[0:05:00], next run at: 2020-11-11 00:50:05 CST)" (scheduled at 2020-11-11 00:45:05.771070+08:00)
INFO:root:Time Consuming: 56.95110869407654
INFO:apscheduler.executors.default:Job "env_modbus2mongodb (trigger: interval[0:05:00], next run at: 2020-11-11 00:50:05 CST)" executed successfully
INFO:apscheduler.executors.default:Running job "env_modbus2mongodb (trigger: interval[0:05:00], next run at: 2020-11-11 00:55:05 CST)" (scheduled at 2020-11-11 00:50:05.771070+08:00)
INFO:root:Time Consuming: 56.83101272583008
INFO:apscheduler.executors.default:Job "env_modbus2mongodb (trigger: interval[0:05:00], next run at: 2020-11-11 00:55:05 CST)" executed successfully
INFO:apscheduler.executors.default:Running job "env_modbus2mongodb (trigger: interval[0:05:00], next run at: 2020-11-11 01:00:05 CST)" (scheduled at 2020-11-11 00:55:05.771070+08:00)
INFO:root:Time Consuming: 56.92597484588623
INFO:apscheduler.executors.default:Job "env_modbus2mongodb (trigger: interval[0:05:00], next run at: 2020-11-11 01:00:05 CST)" executed successfully
INFO:apscheduler.executors.default:Running job "env_modbus2mongodb (trigger: interval[0:05:00], next run at: 2020-11-11 01:05:05 CST)" (scheduled at 2020-11-11 01:00:05.771070+08:00)
INFO:root:Time Consuming: 56.71746516227722
INFO:apscheduler.executors.default:Job "env_modbus2mongodb (trigger: interval[0:05:00], next run at: 2020-11-11 01:05:05 CST)" executed successfully
INFO:apscheduler.executors.default:Running job "env_modbus2mongodb (trigger: interval[0:05:00], next run at: 2020-11-11 01:10:05 CST)" (scheduled at 2020-11-11 01:05:05.771070+08:00)
INFO:root:Time Consuming: 56.82275080680847
INFO:apscheduler.executors.default:Job "env_modbus2mongodb (trigger: interval[0:05:00], next run at: 2020-11-11 01:10:05 CST)" executed successfully
INFO:apscheduler.executors.default:Running job "env_modbus2mongodb (trigger: interval[0:05:00], next run at: 2020-11-11 01:15:05 CST)" (scheduled at 2020-11-11 01:10:05.771070+08:00)
INFO:root:Time Consuming: 56.78377366065979
INFO:apscheduler.executors.default:Job "env_modbus2mongodb (trigger: interval[0:05:00], next run at: 2020-11-11 01:15:05 CST)" executed successfully
INFO:apscheduler.executors.default:Running job "env_modbus2mongodb (trigger: interval[0:05:00], next run at: 2020-11-11 01:20:05 CST)" (scheduled at 2020-11-11 01:15:05.771070+08:00)
INFO:root:Time Consuming: 56.825565576553345
INFO:apscheduler.executors.default:Job "env_modbus2mongodb (trigger: interval[0:05:00], next run at: 2020-11-11 01:20:05 CST)" executed successfully
INFO:apscheduler.executors.default:Running job "env_modbus2mongodb (trigger: interval[0:05:00], next run at: 2020-11-11 01:25:05 CST)" (scheduled at 2020-11-11 01:20:05.771070+08:00)
INFO:root:Time Consuming: 56.93584942817688
INFO:apscheduler.executors.default:Job "env_modbus2mongodb (trigger: interval[0:05:00], next run at: 2020-11-11 01:25:05 CST)" executed successfully
INFO:apscheduler.executors.default:Running job "env_modbus2mongodb (trigger: interval[0:05:00], next run at: 2020-11-11 01:30:05 CST)" (scheduled at 2020-11-11 01:25:05.771070+08:00)
INFO:root:Time Consuming: 56.845160484313965
INFO:apscheduler.executors.default:Job "env_modbus2mongodb (trigger: interval[0:05:00], next run at: 2020-11-11 01:30:05 CST)" executed successfully
INFO:apscheduler.executors.default:Running job "env_modbus2mongodb (trigger: interval[0:05:00], next run at: 2020-11-11 01:35:05 CST)" (scheduled at 2020-11-11 01:30:05.771070+08:00)
INFO:root:Time Consuming: 56.745285511016846
INFO:apscheduler.executors.default:Job "env_modbus2mongodb (trigger: interval[0:05:00], next run at: 2020-11-11 01:35:05 CST)" executed successfully
INFO:apscheduler.executors.default:Running job "env_modbus2mongodb (trigger: interval[0:05:00], next run at: 2020-11-11 01:40:05 CST)" (scheduled at 2020-11-11 01:35:05.771070+08:00)
INFO:root:Time Consuming: 56.85473608970642
INFO:apscheduler.executors.default:Job "env_modbus2mongodb (trigger: interval[0:05:00], next run at: 2020-11-11 01:40:05 CST)" executed successfully
INFO:apscheduler.executors.default:Running job "env_modbus2mongodb (trigger: interval[0:05:00], next run at: 2020-11-11 01:45:05 CST)" (scheduled at 2020-11-11 01:40:05.771070+08:00)
INFO:root:Time Consuming: 56.88866138458252
INFO:apscheduler.executors.default:Job "env_modbus2mongodb (trigger: interval[0:05:00], next run at: 2020-11-11 01:45:05 CST)" executed successfully
INFO:apscheduler.executors.default:Running job "env_modbus2mongodb (trigger: interval[0:05:00], next run at: 2020-11-11 01:50:05 CST)" (scheduled at 2020-11-11 01:45:05.771070+08:00)
INFO:root:Time Consuming: 56.93776345252991
INFO:apscheduler.executors.default:Job "env_modbus2mongodb (trigger: interval[0:05:00], next run at: 2020-11-11 01:50:05 CST)" executed successfully
INFO:apscheduler.executors.default:Running job "env_modbus2mongodb (trigger: interval[0:05:00], next run at: 2020-11-11 01:55:05 CST)" (scheduled at 2020-11-11 01:50:05.771070+08:00)
INFO:root:Time Consuming: 57.007463216781616
INFO:apscheduler.executors.default:Job "env_modbus2mongodb (trigger: interval[0:05:00], next run at: 2020-11-11 01:55:05 CST)" executed successfully
INFO:apscheduler.executors.default:Running job "env_modbus2mongodb (trigger: interval[0:05:00], next run at: 2020-11-11 02:00:05 CST)" (scheduled at 2020-11-11 01:55:05.771070+08:00)
INFO:root:Time Consuming: 56.84570527076721
INFO:apscheduler.executors.default:Job "env_modbus2mongodb (trigger: interval[0:05:00], next run at: 2020-11-11 02:00:05 CST)" executed successfully
INFO:apscheduler.executors.default:Running job "env_modbus2mongodb (trigger: interval[0:05:00], next run at: 2020-11-11 02:05:05 CST)" (scheduled at 2020-11-11 02:00:05.771070+08:00)
INFO:root:Time Consuming: 56.921448945999146
INFO:apscheduler.executors.default:Job "env_modbus2mongodb (trigger: interval[0:05:00], next run at: 2020-11-11 02:05:05 CST)" executed successfully
INFO:apscheduler.executors.default:Running job "env_modbus2mongodb (trigger: interval[0:05:00], next run at: 2020-11-11 02:10:05 CST)" (scheduled at 2020-11-11 02:05:05.771070+08:00)
INFO:root:Time Consuming: 56.71927881240845
INFO:apscheduler.executors.default:Job "env_modbus2mongodb (trigger: interval[0:05:00], next run at: 2020-11-11 02:10:05 CST)" executed successfully
INFO:apscheduler.executors.default:Running job "env_modbus2mongodb (trigger: interval[0:05:00], next run at: 2020-11-11 02:15:05 CST)" (scheduled at 2020-11-11 02:10:05.771070+08:00)
INFO:root:Time Consuming: 56.81029772758484
INFO:apscheduler.executors.default:Job "env_modbus2mongodb (trigger: interval[0:05:00], next run at: 2020-11-11 02:15:05 CST)" executed successfully
INFO:apscheduler.executors.default:Running job "env_modbus2mongodb (trigger: interval[0:05:00], next run at: 2020-11-11 02:20:05 CST)" (scheduled at 2020-11-11 02:15:05.771070+08:00)
INFO:root:Time Consuming: 56.966137647628784
INFO:apscheduler.executors.default:Job "env_modbus2mongodb (trigger: interval[0:05:00], next run at: 2020-11-11 02:20:05 CST)" executed successfully
INFO:apscheduler.executors.default:Running job "env_modbus2mongodb (trigger: interval[0:05:00], next run at: 2020-11-11 02:25:05 CST)" (scheduled at 2020-11-11 02:20:05.771070+08:00)
INFO:root:Time Consuming: 56.90646243095398
INFO:apscheduler.executors.default:Job "env_modbus2mongodb (trigger: interval[0:05:00], next run at: 2020-11-11 02:25:05 CST)" executed successfully
INFO:apscheduler.executors.default:Running job "env_modbus2mongodb (trigger: interval[0:05:00], next run at: 2020-11-11 02:30:05 CST)" (scheduled at 2020-11-11 02:25:05.771070+08:00)
INFO:root:Time Consuming: 56.716001749038696
INFO:apscheduler.executors.default:Job "env_modbus2mongodb (trigger: interval[0:05:00], next run at: 2020-11-11 02:30:05 CST)" executed successfully
INFO:apscheduler.executors.default:Running job "env_modbus2mongodb (trigger: interval[0:05:00], next run at: 2020-11-11 02:35:05 CST)" (scheduled at 2020-11-11 02:30:05.771070+08:00)
INFO:root:Time Consuming: 56.72216200828552
INFO:apscheduler.executors.default:Job "env_modbus2mongodb (trigger: interval[0:05:00], next run at: 2020-11-11 02:35:05 CST)" executed successfully
INFO:apscheduler.executors.default:Running job "env_modbus2mongodb (trigger: interval[0:05:00], next run at: 2020-11-11 02:40:05 CST)" (scheduled at 2020-11-11 02:35:05.771070+08:00)
INFO:root:Time Consuming: 56.81855797767639
INFO:apscheduler.executors.default:Job "env_modbus2mongodb (trigger: interval[0:05:00], next run at: 2020-11-11 02:40:05 CST)" executed successfully
INFO:apscheduler.executors.default:Running job "env_modbus2mongodb (trigger: interval[0:05:00], next run at: 2020-11-11 02:45:05 CST)" (scheduled at 2020-11-11 02:40:05.771070+08:00)
INFO:root:Time Consuming: 56.81206798553467
INFO:apscheduler.executors.default:Job "env_modbus2mongodb (trigger: interval[0:05:00], next run at: 2020-11-11 02:45:05 CST)" executed successfully
INFO:apscheduler.executors.default:Running job "env_modbus2mongodb (trigger: interval[0:05:00], next run at: 2020-11-11 02:50:05 CST)" (scheduled at 2020-11-11 02:45:05.771070+08:00)
INFO:root:Time Consuming: 56.71738624572754
INFO:apscheduler.executors.default:Job "env_modbus2mongodb (trigger: interval[0:05:00], next run at: 2020-11-11 02:50:05 CST)" executed successfully
INFO:apscheduler.executors.default:Running job "env_modbus2mongodb (trigger: interval[0:05:00], next run at: 2020-11-11 02:55:05 CST)" (scheduled at 2020-11-11 02:50:05.771070+08:00)
INFO:root:Time Consuming: 56.83175039291382
INFO:apscheduler.executors.default:Job "env_modbus2mongodb (trigger: interval[0:05:00], next run at: 2020-11-11 02:55:05 CST)" executed successfully
INFO:apscheduler.executors.default:Running job "env_modbus2mongodb (trigger: interval[0:05:00], next run at: 2020-11-11 03:00:05 CST)" (scheduled at 2020-11-11 02:55:05.771070+08:00)
INFO:root:Time Consuming: 56.883817195892334
INFO:apscheduler.executors.default:Job "env_modbus2mongodb (trigger: interval[0:05:00], next run at: 2020-11-11 03:00:05 CST)" executed successfully
INFO:apscheduler.executors.default:Running job "env_modbus2mongodb (trigger: interval[0:05:00], next run at: 2020-11-11 03:05:05 CST)" (scheduled at 2020-11-11 03:00:05.771070+08:00)
INFO:root:Time Consuming: 56.91589283943176
INFO:apscheduler.executors.default:Job "env_modbus2mongodb (trigger: interval[0:05:00], next run at: 2020-11-11 03:05:05 CST)" executed successfully
INFO:apscheduler.executors.default:Running job "env_modbus2mongodb (trigger: interval[0:05:00], next run at: 2020-11-11 03:10:05 CST)" (scheduled at 2020-11-11 03:05:05.771070+08:00)
INFO:root:Time Consuming: 56.884573459625244
INFO:apscheduler.executors.default:Job "env_modbus2mongodb (trigger: interval[0:05:00], next run at: 2020-11-11 03:10:05 CST)" executed successfully
INFO:apscheduler.executors.default:Running job "env_modbus2mongodb (trigger: interval[0:05:00], next run at: 2020-11-11 03:15:05 CST)" (scheduled at 2020-11-11 03:10:05.771070+08:00)
INFO:root:Time Consuming: 56.82461905479431
INFO:apscheduler.executors.default:Job "env_modbus2mongodb (trigger: interval[0:05:00], next run at: 2020-11-11 03:15:05 CST)" executed successfully
INFO:apscheduler.executors.default:Running job "env_modbus2mongodb (trigger: interval[0:05:00], next run at: 2020-11-11 03:20:05 CST)" (scheduled at 2020-11-11 03:15:05.771070+08:00)
INFO:root:Time Consuming: 56.86050510406494
INFO:apscheduler.executors.default:Job "env_modbus2mongodb (trigger: interval[0:05:00], next run at: 2020-11-11 03:20:05 CST)" executed successfully
INFO:apscheduler.executors.default:Running job "env_modbus2mongodb (trigger: interval[0:05:00], next run at: 2020-11-11 03:25:05 CST)" (scheduled at 2020-11-11 03:20:05.771070+08:00)
INFO:root:Time Consuming: 56.893285036087036
INFO:apscheduler.executors.default:Job "env_modbus2mongodb (trigger: interval[0:05:00], next run at: 2020-11-11 03:25:05 CST)" executed successfully
INFO:apscheduler.executors.default:Running job "env_modbus2mongodb (trigger: interval[0:05:00], next run at: 2020-11-11 03:30:05 CST)" (scheduled at 2020-11-11 03:25:05.771070+08:00)
INFO:root:Time Consuming: 56.799299240112305
INFO:apscheduler.executors.default:Job "env_modbus2mongodb (trigger: interval[0:05:00], next run at: 2020-11-11 03:30:05 CST)" executed successfully
INFO:apscheduler.executors.default:Running job "env_modbus2mongodb (trigger: interval[0:05:00], next run at: 2020-11-11 03:35:05 CST)" (scheduled at 2020-11-11 03:30:05.771070+08:00)
INFO:root:Time Consuming: 56.798227310180664
INFO:apscheduler.executors.default:Job "env_modbus2mongodb (trigger: interval[0:05:00], next run at: 2020-11-11 03:35:05 CST)" executed successfully
INFO:apscheduler.executors.default:Running job "env_modbus2mongodb (trigger: interval[0:05:00], next run at: 2020-11-11 03:40:05 CST)" (scheduled at 2020-11-11 03:35:05.771070+08:00)
INFO:root:Time Consuming: 56.9472177028656
INFO:apscheduler.executors.default:Job "env_modbus2mongodb (trigger: interval[0:05:00], next run at: 2020-11-11 03:40:05 CST)" executed successfully
INFO:apscheduler.executors.default:Running job "env_modbus2mongodb (trigger: interval[0:05:00], next run at: 2020-11-11 03:45:05 CST)" (scheduled at 2020-11-11 03:40:05.771070+08:00)
INFO:root:Time Consuming: 56.74768543243408
INFO:apscheduler.executors.default:Job "env_modbus2mongodb (trigger: interval[0:05:00], next run at: 2020-11-11 03:45:05 CST)" executed successfully
INFO:apscheduler.executors.default:Running job "env_modbus2mongodb (trigger: interval[0:05:00], next run at: 2020-11-11 03:50:05 CST)" (scheduled at 2020-11-11 03:45:05.771070+08:00)
INFO:root:Time Consuming: 56.857775926589966
INFO:apscheduler.executors.default:Job "env_modbus2mongodb (trigger: interval[0:05:00], next run at: 2020-11-11 03:50:05 CST)" executed successfully
INFO:apscheduler.executors.default:Running job "env_modbus2mongodb (trigger: interval[0:05:00], next run at: 2020-11-11 03:55:05 CST)" (scheduled at 2020-11-11 03:50:05.771070+08:00)
INFO:root:Time Consuming: 56.98508143424988
INFO:apscheduler.executors.default:Job "env_modbus2mongodb (trigger: interval[0:05:00], next run at: 2020-11-11 03:55:05 CST)" executed successfully
INFO:apscheduler.executors.default:Running job "env_modbus2mongodb (trigger: interval[0:05:00], next run at: 2020-11-11 04:00:05 CST)" (scheduled at 2020-11-11 03:55:05.771070+08:00)
INFO:root:Time Consuming: 57.016212463378906
INFO:apscheduler.executors.default:Job "env_modbus2mongodb (trigger: interval[0:05:00], next run at: 2020-11-11 04:00:05 CST)" executed successfully
INFO:apscheduler.executors.default:Running job "env_modbus2mongodb (trigger: interval[0:05:00], next run at: 2020-11-11 04:05:05 CST)" (scheduled at 2020-11-11 04:00:05.771070+08:00)
INFO:root:Time Consuming: 56.931233167648315
INFO:apscheduler.executors.default:Job "env_modbus2mongodb (trigger: interval[0:05:00], next run at: 2020-11-11 04:05:05 CST)" executed successfully
INFO:apscheduler.executors.default:Running job "env_modbus2mongodb (trigger: interval[0:05:00], next run at: 2020-11-11 04:10:05 CST)" (scheduled at 2020-11-11 04:05:05.771070+08:00)
INFO:root:Time Consuming: 56.85436391830444
INFO:apscheduler.executors.default:Job "env_modbus2mongodb (trigger: interval[0:05:00], next run at: 2020-11-11 04:10:05 CST)" executed successfully
INFO:apscheduler.executors.default:Running job "env_modbus2mongodb (trigger: interval[0:05:00], next run at: 2020-11-11 04:15:05 CST)" (scheduled at 2020-11-11 04:10:05.771070+08:00)
INFO:root:Time Consuming: 56.865854024887085
INFO:apscheduler.executors.default:Job "env_modbus2mongodb (trigger: interval[0:05:00], next run at: 2020-11-11 04:15:05 CST)" executed successfully
INFO:apscheduler.executors.default:Running job "env_modbus2mongodb (trigger: interval[0:05:00], next run at: 2020-11-11 04:20:05 CST)" (scheduled at 2020-11-11 04:15:05.771070+08:00)
INFO:root:Time Consuming: 56.82593560218811
INFO:apscheduler.executors.default:Job "env_modbus2mongodb (trigger: interval[0:05:00], next run at: 2020-11-11 04:20:05 CST)" executed successfully
INFO:apscheduler.executors.default:Running job "env_modbus2mongodb (trigger: interval[0:05:00], next run at: 2020-11-11 04:25:05 CST)" (scheduled at 2020-11-11 04:20:05.771070+08:00)
INFO:root:Time Consuming: 56.95461916923523
INFO:apscheduler.executors.default:Job "env_modbus2mongodb (trigger: interval[0:05:00], next run at: 2020-11-11 04:25:05 CST)" executed successfully
INFO:apscheduler.executors.default:Running job "env_modbus2mongodb (trigger: interval[0:05:00], next run at: 2020-11-11 04:30:05 CST)" (scheduled at 2020-11-11 04:25:05.771070+08:00)
INFO:root:Time Consuming: 56.86688709259033
INFO:apscheduler.executors.default:Job "env_modbus2mongodb (trigger: interval[0:05:00], next run at: 2020-11-11 04:30:05 CST)" executed successfully
INFO:apscheduler.executors.default:Running job "env_modbus2mongodb (trigger: interval[0:05:00], next run at: 2020-11-11 04:35:05 CST)" (scheduled at 2020-11-11 04:30:05.771070+08:00)
INFO:root:Time Consuming: 56.94774866104126
INFO:apscheduler.executors.default:Job "env_modbus2mongodb (trigger: interval[0:05:00], next run at: 2020-11-11 04:35:05 CST)" executed successfully
INFO:apscheduler.executors.default:Running job "env_modbus2mongodb (trigger: interval[0:05:00], next run at: 2020-11-11 04:40:05 CST)" (scheduled at 2020-11-11 04:35:05.771070+08:00)
INFO:root:Time Consuming: 57.01739549636841
INFO:apscheduler.executors.default:Job "env_modbus2mongodb (trigger: interval[0:05:00], next run at: 2020-11-11 04:40:05 CST)" executed successfully
INFO:apscheduler.executors.default:Running job "env_modbus2mongodb (trigger: interval[0:05:00], next run at: 2020-11-11 04:45:05 CST)" (scheduled at 2020-11-11 04:40:05.771070+08:00)
INFO:root:Time Consuming: 57.06235074996948
INFO:apscheduler.executors.default:Job "env_modbus2mongodb (trigger: interval[0:05:00], next run at: 2020-11-11 04:45:05 CST)" executed successfully
INFO:apscheduler.executors.default:Running job "env_modbus2mongodb (trigger: interval[0:05:00], next run at: 2020-11-11 04:50:05 CST)" (scheduled at 2020-11-11 04:45:05.771070+08:00)
INFO:root:Time Consuming: 56.78045153617859
INFO:apscheduler.executors.default:Job "env_modbus2mongodb (trigger: interval[0:05:00], next run at: 2020-11-11 04:50:05 CST)" executed successfully
INFO:apscheduler.executors.default:Running job "env_modbus2mongodb (trigger: interval[0:05:00], next run at: 2020-11-11 04:55:05 CST)" (scheduled at 2020-11-11 04:50:05.771070+08:00)
INFO:root:Time Consuming: 56.88239073753357
INFO:apscheduler.executors.default:Job "env_modbus2mongodb (trigger: interval[0:05:00], next run at: 2020-11-11 04:55:05 CST)" executed successfully
INFO:apscheduler.executors.default:Running job "env_modbus2mongodb (trigger: interval[0:05:00], next run at: 2020-11-11 05:00:05 CST)" (scheduled at 2020-11-11 04:55:05.771070+08:00)
INFO:root:Time Consuming: 56.91195106506348
INFO:apscheduler.executors.default:Job "env_modbus2mongodb (trigger: interval[0:05:00], next run at: 2020-11-11 05:00:05 CST)" executed successfully
INFO:apscheduler.executors.default:Running job "env_modbus2mongodb (trigger: interval[0:05:00], next run at: 2020-11-11 05:05:05 CST)" (scheduled at 2020-11-11 05:00:05.771070+08:00)
INFO:root:Time Consuming: 56.814612865448
INFO:apscheduler.executors.default:Job "env_modbus2mongodb (trigger: interval[0:05:00], next run at: 2020-11-11 05:05:05 CST)" executed successfully
INFO:apscheduler.executors.default:Running job "env_modbus2mongodb (trigger: interval[0:05:00], next run at: 2020-11-11 05:10:05 CST)" (scheduled at 2020-11-11 05:05:05.771070+08:00)
INFO:root:Time Consuming: 56.99735689163208
INFO:apscheduler.executors.default:Job "env_modbus2mongodb (trigger: interval[0:05:00], next run at: 2020-11-11 05:10:05 CST)" executed successfully
INFO:apscheduler.executors.default:Running job "env_modbus2mongodb (trigger: interval[0:05:00], next run at: 2020-11-11 05:15:05 CST)" (scheduled at 2020-11-11 05:10:05.771070+08:00)
INFO:root:Time Consuming: 56.98820781707764
INFO:apscheduler.executors.default:Job "env_modbus2mongodb (trigger: interval[0:05:00], next run at: 2020-11-11 05:15:05 CST)" executed successfully
INFO:apscheduler.executors.default:Running job "env_modbus2mongodb (trigger: interval[0:05:00], next run at: 2020-11-11 05:20:05 CST)" (scheduled at 2020-11-11 05:15:05.771070+08:00)
INFO:root:Time Consuming: 56.745211601257324
INFO:apscheduler.executors.default:Job "env_modbus2mongodb (trigger: interval[0:05:00], next run at: 2020-11-11 05:20:05 CST)" executed successfully
INFO:apscheduler.executors.default:Running job "env_modbus2mongodb (trigger: interval[0:05:00], next run at: 2020-11-11 05:25:05 CST)" (scheduled at 2020-11-11 05:20:05.771070+08:00)
INFO:root:Time Consuming: 56.82165050506592
INFO:apscheduler.executors.default:Job "env_modbus2mongodb (trigger: interval[0:05:00], next run at: 2020-11-11 05:25:05 CST)" executed successfully
INFO:apscheduler.executors.default:Running job "env_modbus2mongodb (trigger: interval[0:05:00], next run at: 2020-11-11 05:30:05 CST)" (scheduled at 2020-11-11 05:25:05.771070+08:00)
INFO:root:Time Consuming: 56.813891649246216
INFO:apscheduler.executors.default:Job "env_modbus2mongodb (trigger: interval[0:05:00], next run at: 2020-11-11 05:30:05 CST)" executed successfully
INFO:apscheduler.executors.default:Running job "env_modbus2mongodb (trigger: interval[0:05:00], next run at: 2020-11-11 05:35:05 CST)" (scheduled at 2020-11-11 05:30:05.771070+08:00)
INFO:root:Time Consuming: 56.77182984352112
INFO:apscheduler.executors.default:Job "env_modbus2mongodb (trigger: interval[0:05:00], next run at: 2020-11-11 05:35:05 CST)" executed successfully
INFO:apscheduler.executors.default:Running job "env_modbus2mongodb (trigger: interval[0:05:00], next run at: 2020-11-11 05:40:05 CST)" (scheduled at 2020-11-11 05:35:05.771070+08:00)
INFO:root:Time Consuming: 56.88509917259216
INFO:apscheduler.executors.default:Job "env_modbus2mongodb (trigger: interval[0:05:00], next run at: 2020-11-11 05:40:05 CST)" executed successfully
INFO:apscheduler.executors.default:Running job "env_modbus2mongodb (trigger: interval[0:05:00], next run at: 2020-11-11 05:45:05 CST)" (scheduled at 2020-11-11 05:40:05.771070+08:00)
INFO:root:Time Consuming: 56.83091902732849
INFO:apscheduler.executors.default:Job "env_modbus2mongodb (trigger: interval[0:05:00], next run at: 2020-11-11 05:45:05 CST)" executed successfully
INFO:apscheduler.executors.default:Running job "env_modbus2mongodb (trigger: interval[0:05:00], next run at: 2020-11-11 05:50:05 CST)" (scheduled at 2020-11-11 05:45:05.771070+08:00)
INFO:root:Time Consuming: 56.77362847328186
INFO:apscheduler.executors.default:Job "env_modbus2mongodb (trigger: interval[0:05:00], next run at: 2020-11-11 05:50:05 CST)" executed successfully
INFO:apscheduler.executors.default:Running job "env_modbus2mongodb (trigger: interval[0:05:00], next run at: 2020-11-11 05:55:05 CST)" (scheduled at 2020-11-11 05:50:05.771070+08:00)
INFO:root:Time Consuming: 56.94870710372925
INFO:apscheduler.executors.default:Job "env_modbus2mongodb (trigger: interval[0:05:00], next run at: 2020-11-11 05:55:05 CST)" executed successfully
INFO:apscheduler.executors.default:Running job "env_modbus2mongodb (trigger: interval[0:05:00], next run at: 2020-11-11 06:00:05 CST)" (scheduled at 2020-11-11 05:55:05.771070+08:00)
INFO:root:Time Consuming: 56.883493185043335
INFO:apscheduler.executors.default:Job "env_modbus2mongodb (trigger: interval[0:05:00], next run at: 2020-11-11 06:00:05 CST)" executed successfully
INFO:apscheduler.executors.default:Running job "env_modbus2mongodb (trigger: interval[0:05:00], next run at: 2020-11-11 06:05:05 CST)" (scheduled at 2020-11-11 06:00:05.771070+08:00)
INFO:root:Time Consuming: 56.96031951904297
INFO:apscheduler.executors.default:Job "env_modbus2mongodb (trigger: interval[0:05:00], next run at: 2020-11-11 06:05:05 CST)" executed successfully
INFO:apscheduler.executors.default:Running job "env_modbus2mongodb (trigger: interval[0:05:00], next run at: 2020-11-11 06:10:05 CST)" (scheduled at 2020-11-11 06:05:05.771070+08:00)
INFO:root:Time Consuming: 56.78902506828308
INFO:apscheduler.executors.default:Job "env_modbus2mongodb (trigger: interval[0:05:00], next run at: 2020-11-11 06:10:05 CST)" executed successfully
INFO:apscheduler.executors.default:Running job "env_modbus2mongodb (trigger: interval[0:05:00], next run at: 2020-11-11 06:15:05 CST)" (scheduled at 2020-11-11 06:10:05.771070+08:00)
INFO:root:Time Consuming: 56.72093176841736
INFO:apscheduler.executors.default:Job "env_modbus2mongodb (trigger: interval[0:05:00], next run at: 2020-11-11 06:15:05 CST)" executed successfully
INFO:apscheduler.executors.default:Running job "env_modbus2mongodb (trigger: interval[0:05:00], next run at: 2020-11-11 06:20:05 CST)" (scheduled at 2020-11-11 06:15:05.771070+08:00)
INFO:root:Time Consuming: 56.89132905006409
INFO:apscheduler.executors.default:Job "env_modbus2mongodb (trigger: interval[0:05:00], next run at: 2020-11-11 06:20:05 CST)" executed successfully
INFO:apscheduler.executors.default:Running job "env_modbus2mongodb (trigger: interval[0:05:00], next run at: 2020-11-11 06:25:05 CST)" (scheduled at 2020-11-11 06:20:05.771070+08:00)
INFO:root:Time Consuming: 56.9906051158905
INFO:apscheduler.executors.default:Job "env_modbus2mongodb (trigger: interval[0:05:00], next run at: 2020-11-11 06:25:05 CST)" executed successfully
INFO:apscheduler.executors.default:Running job "env_modbus2mongodb (trigger: interval[0:05:00], next run at: 2020-11-11 06:30:05 CST)" (scheduled at 2020-11-11 06:25:05.771070+08:00)
INFO:root:Time Consuming: 56.76149606704712
INFO:apscheduler.executors.default:Job "env_modbus2mongodb (trigger: interval[0:05:00], next run at: 2020-11-11 06:30:05 CST)" executed successfully
INFO:apscheduler.executors.default:Running job "env_modbus2mongodb (trigger: interval[0:05:00], next run at: 2020-11-11 06:35:05 CST)" (scheduled at 2020-11-11 06:30:05.771070+08:00)
INFO:root:Time Consuming: 56.87555909156799
INFO:apscheduler.executors.default:Job "env_modbus2mongodb (trigger: interval[0:05:00], next run at: 2020-11-11 06:35:05 CST)" executed successfully
INFO:apscheduler.executors.default:Running job "env_modbus2mongodb (trigger: interval[0:05:00], next run at: 2020-11-11 06:40:05 CST)" (scheduled at 2020-11-11 06:35:05.771070+08:00)
INFO:root:Time Consuming: 57.01189708709717
INFO:apscheduler.executors.default:Job "env_modbus2mongodb (trigger: interval[0:05:00], next run at: 2020-11-11 06:40:05 CST)" executed successfully
INFO:apscheduler.executors.default:Running job "env_modbus2mongodb (trigger: interval[0:05:00], next run at: 2020-11-11 06:45:05 CST)" (scheduled at 2020-11-11 06:40:05.771070+08:00)
INFO:root:Time Consuming: 56.76067280769348
INFO:apscheduler.executors.default:Job "env_modbus2mongodb (trigger: interval[0:05:00], next run at: 2020-11-11 06:45:05 CST)" executed successfully
INFO:apscheduler.executors.default:Running job "env_modbus2mongodb (trigger: interval[0:05:00], next run at: 2020-11-11 06:50:05 CST)" (scheduled at 2020-11-11 06:45:05.771070+08:00)
INFO:root:Time Consuming: 56.73146986961365
INFO:apscheduler.executors.default:Job "env_modbus2mongodb (trigger: interval[0:05:00], next run at: 2020-11-11 06:50:05 CST)" executed successfully
INFO:apscheduler.executors.default:Running job "env_modbus2mongodb (trigger: interval[0:05:00], next run at: 2020-11-11 06:55:05 CST)" (scheduled at 2020-11-11 06:50:05.771070+08:00)
INFO:root:Time Consuming: 57.140408515930176
INFO:apscheduler.executors.default:Job "env_modbus2mongodb (trigger: interval[0:05:00], next run at: 2020-11-11 06:55:05 CST)" executed successfully
INFO:apscheduler.executors.default:Running job "env_modbus2mongodb (trigger: interval[0:05:00], next run at: 2020-11-11 07:00:05 CST)" (scheduled at 2020-11-11 06:55:05.771070+08:00)
INFO:root:Time Consuming: 56.77025508880615
INFO:apscheduler.executors.default:Job "env_modbus2mongodb (trigger: interval[0:05:00], next run at: 2020-11-11 07:00:05 CST)" executed successfully
INFO:apscheduler.executors.default:Running job "env_modbus2mongodb (trigger: interval[0:05:00], next run at: 2020-11-11 07:05:05 CST)" (scheduled at 2020-11-11 07:00:05.771070+08:00)
INFO:root:Time Consuming: 56.82941937446594
INFO:apscheduler.executors.default:Job "env_modbus2mongodb (trigger: interval[0:05:00], next run at: 2020-11-11 07:05:05 CST)" executed successfully
INFO:apscheduler.executors.default:Running job "env_modbus2mongodb (trigger: interval[0:05:00], next run at: 2020-11-11 07:10:05 CST)" (scheduled at 2020-11-11 07:05:05.771070+08:00)
INFO:root:Time Consuming: 56.93018054962158
INFO:apscheduler.executors.default:Job "env_modbus2mongodb (trigger: interval[0:05:00], next run at: 2020-11-11 07:10:05 CST)" executed successfully
INFO:apscheduler.executors.default:Running job "env_modbus2mongodb (trigger: interval[0:05:00], next run at: 2020-11-11 07:15:05 CST)" (scheduled at 2020-11-11 07:10:05.771070+08:00)
INFO:root:Time Consuming: 56.789485692977905
INFO:apscheduler.executors.default:Job "env_modbus2mongodb (trigger: interval[0:05:00], next run at: 2020-11-11 07:15:05 CST)" executed successfully
INFO:apscheduler.executors.default:Running job "env_modbus2mongodb (trigger: interval[0:05:00], next run at: 2020-11-11 07:20:05 CST)" (scheduled at 2020-11-11 07:15:05.771070+08:00)
INFO:root:Time Consuming: 56.93921113014221
INFO:apscheduler.executors.default:Job "env_modbus2mongodb (trigger: interval[0:05:00], next run at: 2020-11-11 07:20:05 CST)" executed successfully
INFO:apscheduler.executors.default:Running job "env_modbus2mongodb (trigger: interval[0:05:00], next run at: 2020-11-11 07:25:05 CST)" (scheduled at 2020-11-11 07:20:05.771070+08:00)
INFO:root:Time Consuming: 56.977001667022705
INFO:apscheduler.executors.default:Job "env_modbus2mongodb (trigger: interval[0:05:00], next run at: 2020-11-11 07:25:05 CST)" executed successfully
INFO:apscheduler.executors.default:Running job "env_modbus2mongodb (trigger: interval[0:05:00], next run at: 2020-11-11 07:30:05 CST)" (scheduled at 2020-11-11 07:25:05.771070+08:00)
INFO:root:Time Consuming: 56.937575817108154
INFO:apscheduler.executors.default:Job "env_modbus2mongodb (trigger: interval[0:05:00], next run at: 2020-11-11 07:30:05 CST)" executed successfully
INFO:apscheduler.executors.default:Running job "env_modbus2mongodb (trigger: interval[0:05:00], next run at: 2020-11-11 07:35:05 CST)" (scheduled at 2020-11-11 07:30:05.771070+08:00)
INFO:root:Time Consuming: 56.74833345413208
INFO:apscheduler.executors.default:Job "env_modbus2mongodb (trigger: interval[0:05:00], next run at: 2020-11-11 07:35:05 CST)" executed successfully
INFO:apscheduler.executors.default:Running job "env_modbus2mongodb (trigger: interval[0:05:00], next run at: 2020-11-11 07:40:05 CST)" (scheduled at 2020-11-11 07:35:05.771070+08:00)
INFO:root:Time Consuming: 56.836230516433716
INFO:apscheduler.executors.default:Job "env_modbus2mongodb (trigger: interval[0:05:00], next run at: 2020-11-11 07:40:05 CST)" executed successfully
INFO:apscheduler.executors.default:Running job "env_modbus2mongodb (trigger: interval[0:05:00], next run at: 2020-11-11 07:45:05 CST)" (scheduled at 2020-11-11 07:40:05.771070+08:00)
INFO:root:Time Consuming: 56.79672813415527
INFO:apscheduler.executors.default:Job "env_modbus2mongodb (trigger: interval[0:05:00], next run at: 2020-11-11 07:45:05 CST)" executed successfully
INFO:apscheduler.executors.default:Running job "env_modbus2mongodb (trigger: interval[0:05:00], next run at: 2020-11-11 07:50:05 CST)" (scheduled at 2020-11-11 07:45:05.771070+08:00)
INFO:root:Time Consuming: 56.76017212867737
INFO:apscheduler.executors.default:Job "env_modbus2mongodb (trigger: interval[0:05:00], next run at: 2020-11-11 07:50:05 CST)" executed successfully
INFO:apscheduler.executors.default:Running job "env_modbus2mongodb (trigger: interval[0:05:00], next run at: 2020-11-11 07:55:05 CST)" (scheduled at 2020-11-11 07:50:05.771070+08:00)
INFO:root:Time Consuming: 56.91348147392273
INFO:apscheduler.executors.default:Job "env_modbus2mongodb (trigger: interval[0:05:00], next run at: 2020-11-11 07:55:05 CST)" executed successfully
INFO:apscheduler.executors.default:Running job "env_modbus2mongodb (trigger: interval[0:05:00], next run at: 2020-11-11 08:00:05 CST)" (scheduled at 2020-11-11 07:55:05.771070+08:00)
INFO:root:Time Consuming: 56.78834867477417
INFO:apscheduler.executors.default:Job "env_modbus2mongodb (trigger: interval[0:05:00], next run at: 2020-11-11 08:00:05 CST)" executed successfully
INFO:apscheduler.executors.default:Running job "env_modbus2mongodb (trigger: interval[0:05:00], next run at: 2020-11-11 08:05:05 CST)" (scheduled at 2020-11-11 08:00:05.771070+08:00)
INFO:root:Time Consuming: 56.899897813797
INFO:apscheduler.executors.default:Job "env_modbus2mongodb (trigger: interval[0:05:00], next run at: 2020-11-11 08:05:05 CST)" executed successfully
INFO:apscheduler.executors.default:Running job "env_modbus2mongodb (trigger: interval[0:05:00], next run at: 2020-11-11 08:10:05 CST)" (scheduled at 2020-11-11 08:05:05.771070+08:00)
INFO:root:Time Consuming: 57.03006362915039
INFO:apscheduler.executors.default:Job "env_modbus2mongodb (trigger: interval[0:05:00], next run at: 2020-11-11 08:10:05 CST)" executed successfully
INFO:apscheduler.executors.default:Running job "env_modbus2mongodb (trigger: interval[0:05:00], next run at: 2020-11-11 08:15:05 CST)" (scheduled at 2020-11-11 08:10:05.771070+08:00)
INFO:root:Time Consuming: 57.004212379455566
INFO:apscheduler.executors.default:Job "env_modbus2mongodb (trigger: interval[0:05:00], next run at: 2020-11-11 08:15:05 CST)" executed successfully
INFO:apscheduler.executors.default:Running job "env_modbus2mongodb (trigger: interval[0:05:00], next run at: 2020-11-11 08:20:05 CST)" (scheduled at 2020-11-11 08:15:05.771070+08:00)
INFO:root:Time Consuming: 56.83724403381348
INFO:apscheduler.executors.default:Job "env_modbus2mongodb (trigger: interval[0:05:00], next run at: 2020-11-11 08:20:05 CST)" executed successfully
INFO:apscheduler.executors.default:Running job "env_modbus2mongodb (trigger: interval[0:05:00], next run at: 2020-11-11 08:25:05 CST)" (scheduled at 2020-11-11 08:20:05.771070+08:00)
INFO:root:Time Consuming: 56.81214261054993
INFO:apscheduler.executors.default:Job "env_modbus2mongodb (trigger: interval[0:05:00], next run at: 2020-11-11 08:25:05 CST)" executed successfully
INFO:apscheduler.executors.default:Running job "env_modbus2mongodb (trigger: interval[0:05:00], next run at: 2020-11-11 08:30:05 CST)" (scheduled at 2020-11-11 08:25:05.771070+08:00)
INFO:root:Time Consuming: 56.85670852661133
INFO:apscheduler.executors.default:Job "env_modbus2mongodb (trigger: interval[0:05:00], next run at: 2020-11-11 08:30:05 CST)" executed successfully
INFO:apscheduler.executors.default:Running job "env_modbus2mongodb (trigger: interval[0:05:00], next run at: 2020-11-11 08:35:05 CST)" (scheduled at 2020-11-11 08:30:05.771070+08:00)
INFO:root:Time Consuming: 56.816181659698486
INFO:apscheduler.executors.default:Job "env_modbus2mongodb (trigger: interval[0:05:00], next run at: 2020-11-11 08:35:05 CST)" executed successfully
INFO:apscheduler.executors.default:Running job "env_modbus2mongodb (trigger: interval[0:05:00], next run at: 2020-11-11 08:40:05 CST)" (scheduled at 2020-11-11 08:35:05.771070+08:00)
INFO:root:Time Consuming: 56.77052092552185
INFO:apscheduler.executors.default:Job "env_modbus2mongodb (trigger: interval[0:05:00], next run at: 2020-11-11 08:40:05 CST)" executed successfully
INFO:apscheduler.executors.default:Running job "env_modbus2mongodb (trigger: interval[0:05:00], next run at: 2020-11-11 08:45:05 CST)" (scheduled at 2020-11-11 08:40:05.771070+08:00)
INFO:root:Time Consuming: 56.87589454650879
INFO:apscheduler.executors.default:Job "env_modbus2mongodb (trigger: interval[0:05:00], next run at: 2020-11-11 08:45:05 CST)" executed successfully
INFO:apscheduler.executors.default:Running job "env_modbus2mongodb (trigger: interval[0:05:00], next run at: 2020-11-11 08:50:05 CST)" (scheduled at 2020-11-11 08:45:05.771070+08:00)
INFO:root:Time Consuming: 56.97565579414368
INFO:apscheduler.executors.default:Job "env_modbus2mongodb (trigger: interval[0:05:00], next run at: 2020-11-11 08:50:05 CST)" executed successfully
INFO:apscheduler.executors.default:Running job "env_modbus2mongodb (trigger: interval[0:05:00], next run at: 2020-11-11 08:55:05 CST)" (scheduled at 2020-11-11 08:50:05.771070+08:00)
INFO:root:Time Consuming: 56.76667809486389
INFO:apscheduler.executors.default:Job "env_modbus2mongodb (trigger: interval[0:05:00], next run at: 2020-11-11 08:55:05 CST)" executed successfully
INFO:apscheduler.executors.default:Running job "env_modbus2mongodb (trigger: interval[0:05:00], next run at: 2020-11-11 09:00:05 CST)" (scheduled at 2020-11-11 08:55:05.771070+08:00)
INFO:root:Time Consuming: 56.82106041908264
INFO:apscheduler.executors.default:Job "env_modbus2mongodb (trigger: interval[0:05:00], next run at: 2020-11-11 09:00:05 CST)" executed successfully
INFO:apscheduler.executors.default:Running job "env_modbus2mongodb (trigger: interval[0:05:00], next run at: 2020-11-11 09:05:05 CST)" (scheduled at 2020-11-11 09:00:05.771070+08:00)
INFO:root:Time Consuming: 56.77976417541504
INFO:apscheduler.executors.default:Job "env_modbus2mongodb (trigger: interval[0:05:00], next run at: 2020-11-11 09:05:05 CST)" executed successfully
INFO:apscheduler.executors.default:Running job "env_modbus2mongodb (trigger: interval[0:05:00], next run at: 2020-11-11 09:10:05 CST)" (scheduled at 2020-11-11 09:05:05.771070+08:00)
INFO:root:Time Consuming: 56.90107536315918
INFO:apscheduler.executors.default:Job "env_modbus2mongodb (trigger: interval[0:05:00], next run at: 2020-11-11 09:10:05 CST)" executed successfully
INFO:apscheduler.executors.default:Running job "env_modbus2mongodb (trigger: interval[0:05:00], next run at: 2020-11-11 09:15:05 CST)" (scheduled at 2020-11-11 09:10:05.771070+08:00)
INFO:root:Time Consuming: 56.89500188827515
INFO:apscheduler.executors.default:Job "env_modbus2mongodb (trigger: interval[0:05:00], next run at: 2020-11-11 09:15:05 CST)" executed successfully
INFO:apscheduler.executors.default:Running job "env_modbus2mongodb (trigger: interval[0:05:00], next run at: 2020-11-11 09:20:05 CST)" (scheduled at 2020-11-11 09:15:05.771070+08:00)
INFO:root:Time Consuming: 56.82784938812256
INFO:apscheduler.executors.default:Job "env_modbus2mongodb (trigger: interval[0:05:00], next run at: 2020-11-11 09:20:05 CST)" executed successfully
INFO:apscheduler.executors.default:Running job "env_modbus2mongodb (trigger: interval[0:05:00], next run at: 2020-11-11 09:25:05 CST)" (scheduled at 2020-11-11 09:20:05.771070+08:00)
INFO:root:Time Consuming: 56.94696521759033
INFO:apscheduler.executors.default:Job "env_modbus2mongodb (trigger: interval[0:05:00], next run at: 2020-11-11 09:25:05 CST)" executed successfully
INFO:apscheduler.executors.default:Running job "env_modbus2mongodb (trigger: interval[0:05:00], next run at: 2020-11-11 09:30:05 CST)" (scheduled at 2020-11-11 09:25:05.771070+08:00)
INFO:root:Time Consuming: 56.99171161651611
INFO:apscheduler.executors.default:Job "env_modbus2mongodb (trigger: interval[0:05:00], next run at: 2020-11-11 09:30:05 CST)" executed successfully
INFO:apscheduler.executors.default:Running job "env_modbus2mongodb (trigger: interval[0:05:00], next run at: 2020-11-11 09:35:05 CST)" (scheduled at 2020-11-11 09:30:05.771070+08:00)
INFO:root:Time Consuming: 56.739675998687744
INFO:apscheduler.executors.default:Job "env_modbus2mongodb (trigger: interval[0:05:00], next run at: 2020-11-11 09:35:05 CST)" executed successfully
INFO:apscheduler.executors.default:Running job "env_modbus2mongodb (trigger: interval[0:05:00], next run at: 2020-11-11 09:40:05 CST)" (scheduled at 2020-11-11 09:35:05.771070+08:00)
INFO:root:Time Consuming: 56.69597005844116
INFO:apscheduler.executors.default:Job "env_modbus2mongodb (trigger: interval[0:05:00], next run at: 2020-11-11 09:40:05 CST)" executed successfully
INFO:apscheduler.executors.default:Running job "env_modbus2mongodb (trigger: interval[0:05:00], next run at: 2020-11-11 09:45:05 CST)" (scheduled at 2020-11-11 09:40:05.771070+08:00)
INFO:root:Time Consuming: 56.75943875312805
INFO:apscheduler.executors.default:Job "env_modbus2mongodb (trigger: interval[0:05:00], next run at: 2020-11-11 09:45:05 CST)" executed successfully
INFO:apscheduler.executors.default:Running job "env_modbus2mongodb (trigger: interval[0:05:00], next run at: 2020-11-11 09:50:05 CST)" (scheduled at 2020-11-11 09:45:05.771070+08:00)
INFO:root:Time Consuming: 56.701603412628174
INFO:apscheduler.executors.default:Job "env_modbus2mongodb (trigger: interval[0:05:00], next run at: 2020-11-11 09:50:05 CST)" executed successfully
INFO:apscheduler.executors.default:Running job "env_modbus2mongodb (trigger: interval[0:05:00], next run at: 2020-11-11 09:55:05 CST)" (scheduled at 2020-11-11 09:50:05.771070+08:00)
INFO:root:Time Consuming: 56.996477127075195
INFO:apscheduler.executors.default:Job "env_modbus2mongodb (trigger: interval[0:05:00], next run at: 2020-11-11 09:55:05 CST)" executed successfully
INFO:apscheduler.executors.default:Running job "env_modbus2mongodb (trigger: interval[0:05:00], next run at: 2020-11-11 10:00:05 CST)" (scheduled at 2020-11-11 09:55:05.771070+08:00)
INFO:root:Time Consuming: 56.758965492248535
INFO:apscheduler.executors.default:Job "env_modbus2mongodb (trigger: interval[0:05:00], next run at: 2020-11-11 10:00:05 CST)" executed successfully
INFO:apscheduler.executors.default:Running job "env_modbus2mongodb (trigger: interval[0:05:00], next run at: 2020-11-11 10:05:05 CST)" (scheduled at 2020-11-11 10:00:05.771070+08:00)
INFO:root:Time Consuming: 56.728644371032715
INFO:apscheduler.executors.default:Job "env_modbus2mongodb (trigger: interval[0:05:00], next run at: 2020-11-11 10:05:05 CST)" executed successfully
INFO:apscheduler.executors.default:Running job "env_modbus2mongodb (trigger: interval[0:05:00], next run at: 2020-11-11 10:10:05 CST)" (scheduled at 2020-11-11 10:05:05.771070+08:00)
INFO:root:Time Consuming: 56.80721473693848
INFO:apscheduler.executors.default:Job "env_modbus2mongodb (trigger: interval[0:05:00], next run at: 2020-11-11 10:10:05 CST)" executed successfully
INFO:apscheduler.executors.default:Running job "env_modbus2mongodb (trigger: interval[0:05:00], next run at: 2020-11-11 10:15:05 CST)" (scheduled at 2020-11-11 10:10:05.771070+08:00)
INFO:root:Time Consuming: 57.100035667419434
INFO:apscheduler.executors.default:Job "env_modbus2mongodb (trigger: interval[0:05:00], next run at: 2020-11-11 10:15:05 CST)" executed successfully
INFO:apscheduler.executors.default:Running job "env_modbus2mongodb (trigger: interval[0:05:00], next run at: 2020-11-11 10:20:05 CST)" (scheduled at 2020-11-11 10:15:05.771070+08:00)
INFO:root:Time Consuming: 56.915165185928345
INFO:apscheduler.executors.default:Job "env_modbus2mongodb (trigger: interval[0:05:00], next run at: 2020-11-11 10:20:05 CST)" executed successfully
INFO:apscheduler.executors.default:Running job "env_modbus2mongodb (trigger: interval[0:05:00], next run at: 2020-11-11 10:25:05 CST)" (scheduled at 2020-11-11 10:20:05.771070+08:00)
INFO:root:Time Consuming: 57.01746153831482
INFO:apscheduler.executors.default:Job "env_modbus2mongodb (trigger: interval[0:05:00], next run at: 2020-11-11 10:25:05 CST)" executed successfully
INFO:apscheduler.executors.default:Running job "env_modbus2mongodb (trigger: interval[0:05:00], next run at: 2020-11-11 10:30:05 CST)" (scheduled at 2020-11-11 10:25:05.771070+08:00)
INFO:root:Time Consuming: 57.1296010017395
INFO:apscheduler.executors.default:Job "env_modbus2mongodb (trigger: interval[0:05:00], next run at: 2020-11-11 10:30:05 CST)" executed successfully
INFO:apscheduler.executors.default:Running job "env_modbus2mongodb (trigger: interval[0:05:00], next run at: 2020-11-11 10:35:05 CST)" (scheduled at 2020-11-11 10:30:05.771070+08:00)
INFO:root:Time Consuming: 57.38898301124573
INFO:apscheduler.executors.default:Job "env_modbus2mongodb (trigger: interval[0:05:00], next run at: 2020-11-11 10:35:05 CST)" executed successfully
INFO:apscheduler.executors.default:Running job "env_modbus2mongodb (trigger: interval[0:05:00], next run at: 2020-11-11 10:40:05 CST)" (scheduled at 2020-11-11 10:35:05.771070+08:00)
INFO:root:Time Consuming: 56.62492251396179
INFO:apscheduler.executors.default:Job "env_modbus2mongodb (trigger: interval[0:05:00], next run at: 2020-11-11 10:40:05 CST)" executed successfully
INFO:apscheduler.executors.default:Running job "env_modbus2mongodb (trigger: interval[0:05:00], next run at: 2020-11-11 10:45:05 CST)" (scheduled at 2020-11-11 10:40:05.771070+08:00)
INFO:root:Time Consuming: 56.736140727996826
INFO:apscheduler.executors.default:Job "env_modbus2mongodb (trigger: interval[0:05:00], next run at: 2020-11-11 10:45:05 CST)" executed successfully
INFO:apscheduler.executors.default:Running job "env_modbus2mongodb (trigger: interval[0:05:00], next run at: 2020-11-11 10:50:05 CST)" (scheduled at 2020-11-11 10:45:05.771070+08:00)
INFO:root:Time Consuming: 56.75714921951294
INFO:apscheduler.executors.default:Job "env_modbus2mongodb (trigger: interval[0:05:00], next run at: 2020-11-11 10:50:05 CST)" executed successfully
INFO:apscheduler.executors.default:Running job "env_modbus2mongodb (trigger: interval[0:05:00], next run at: 2020-11-11 10:55:05 CST)" (scheduled at 2020-11-11 10:50:05.771070+08:00)
INFO:root:Time Consuming: 57.066888093948364
INFO:apscheduler.executors.default:Job "env_modbus2mongodb (trigger: interval[0:05:00], next run at: 2020-11-11 10:55:05 CST)" executed successfully
INFO:apscheduler.executors.default:Running job "env_modbus2mongodb (trigger: interval[0:05:00], next run at: 2020-11-11 11:00:05 CST)" (scheduled at 2020-11-11 10:55:05.771070+08:00)
INFO:root:Time Consuming: 56.859795570373535
INFO:apscheduler.executors.default:Job "env_modbus2mongodb (trigger: interval[0:05:00], next run at: 2020-11-11 11:00:05 CST)" executed successfully
INFO:apscheduler.executors.default:Running job "env_modbus2mongodb (trigger: interval[0:05:00], next run at: 2020-11-11 11:05:05 CST)" (scheduled at 2020-11-11 11:00:05.771070+08:00)
INFO:root:Time Consuming: 57.002983808517456
INFO:apscheduler.executors.default:Job "env_modbus2mongodb (trigger: interval[0:05:00], next run at: 2020-11-11 11:05:05 CST)" executed successfully
INFO:apscheduler.executors.default:Running job "env_modbus2mongodb (trigger: interval[0:05:00], next run at: 2020-11-11 11:10:05 CST)" (scheduled at 2020-11-11 11:05:05.771070+08:00)
INFO:root:Time Consuming: 57.15589737892151
INFO:apscheduler.executors.default:Job "env_modbus2mongodb (trigger: interval[0:05:00], next run at: 2020-11-11 11:10:05 CST)" executed successfully
INFO:apscheduler.executors.default:Running job "env_modbus2mongodb (trigger: interval[0:05:00], next run at: 2020-11-11 11:15:05 CST)" (scheduled at 2020-11-11 11:10:05.771070+08:00)
INFO:root:Time Consuming: 57.22626972198486
INFO:apscheduler.executors.default:Job "env_modbus2mongodb (trigger: interval[0:05:00], next run at: 2020-11-11 11:15:05 CST)" executed successfully
INFO:apscheduler.executors.default:Running job "env_modbus2mongodb (trigger: interval[0:05:00], next run at: 2020-11-11 11:20:05 CST)" (scheduled at 2020-11-11 11:15:05.771070+08:00)
INFO:root:Time Consuming: 56.84341788291931
INFO:apscheduler.executors.default:Job "env_modbus2mongodb (trigger: interval[0:05:00], next run at: 2020-11-11 11:20:05 CST)" executed successfully
INFO:apscheduler.executors.default:Running job "env_modbus2mongodb (trigger: interval[0:05:00], next run at: 2020-11-11 11:25:05 CST)" (scheduled at 2020-11-11 11:20:05.771070+08:00)
INFO:root:Time Consuming: 56.91357636451721
INFO:apscheduler.executors.default:Job "env_modbus2mongodb (trigger: interval[0:05:00], next run at: 2020-11-11 11:25:05 CST)" executed successfully
INFO:apscheduler.executors.default:Running job "env_modbus2mongodb (trigger: interval[0:05:00], next run at: 2020-11-11 11:30:05 CST)" (scheduled at 2020-11-11 11:25:05.771070+08:00)
INFO:root:Time Consuming: 56.89518666267395
INFO:apscheduler.executors.default:Job "env_modbus2mongodb (trigger: interval[0:05:00], next run at: 2020-11-11 11:30:05 CST)" executed successfully
INFO:apscheduler.executors.default:Running job "env_modbus2mongodb (trigger: interval[0:05:00], next run at: 2020-11-11 11:35:05 CST)" (scheduled at 2020-11-11 11:30:05.771070+08:00)
INFO:root:Time Consuming: 56.942342042922974
INFO:apscheduler.executors.default:Job "env_modbus2mongodb (trigger: interval[0:05:00], next run at: 2020-11-11 11:35:05 CST)" executed successfully
INFO:apscheduler.executors.default:Running job "env_modbus2mongodb (trigger: interval[0:05:00], next run at: 2020-11-11 11:40:05 CST)" (scheduled at 2020-11-11 11:35:05.771070+08:00)
INFO:root:Time Consuming: 59.59136652946472
INFO:apscheduler.executors.default:Job "env_modbus2mongodb (trigger: interval[0:05:00], next run at: 2020-11-11 11:40:05 CST)" executed successfully
